<?xml version="1.0" encoding="UTF-8"?>
<!-- Generated by org.testng.reporters.JUnitReportReporter -->
<testsuite hostname="TABLET-035DO2R9" failures="0" tests="1" name="com.json.JSONschemaValidatorDemo" time="3.480" errors="0" timestamp="2024-01-23T17:39:25 GMT-06:00" skipped="0">
  <testcase classname="com.json.JSONschemaValidatorDemo" name="test_A" time="3.480"/>
  <system-out/>
</testsuite> <!-- com.json.JSONschemaValidatorDemo -->
