<?xml version="1.0" encoding="UTF-8"?>
<!-- Generated by org.testng.reporters.JUnitReportReporter -->
<testsuite hostname="TABLET-035DO2R9" failures="0" tests="1" name="com.httpmethodsbasic.DELETEMethod" time="0.600" errors="0" timestamp="2024-01-20T05:38:12 GMT-06:00" skipped="0">
  <testcase classname="com.httpmethodsbasic.DELETEMethod" name="verifyTheStatusCodeOfDelete" time="0.600"/>
  <system-out/>
</testsuite> <!-- com.httpmethodsbasic.DELETEMethod -->
